2023-07-23 22:14:16,914 [Worker-2: Loading available Gradle versions] INFO  o.e.b.c.i.u.g.PublishedGradleVersions - Gradle version information cache is out-of-date. Trying to update.
2023-07-23 22:20:46,678 [Worker-17: Creating project "com.automation.restapi"] INFO  o.e.m.c.i.l.LifecycleMappingFactory - Using org.eclipse.m2e.jdt.JarLifecycleMapping lifecycle mapping for MavenProject: RestApiAutomation:com.automation.restapi:0.0.1-SNAPSHOT @ /Users/monikayadav/Desktop/intertrustAPI/pom.xml.
2023-07-23 22:20:47,109 [Worker-17: Creating project "com.automation.restapi"] INFO  o.e.m.j.i.AbstractJavaProjectConfigurator - Adding source folder /com.automation.restapi/src/main/java
2023-07-23 22:20:47,110 [Worker-17: Creating project "com.automation.restapi"] INFO  o.e.m.j.i.AbstractJavaProjectConfigurator - Adding resource folder /com.automation.restapi/src/main/resources
2023-07-23 22:20:47,112 [Worker-17: Creating project "com.automation.restapi"] INFO  o.e.m.j.i.AbstractJavaProjectConfigurator - Adding source folder /com.automation.restapi/src/test/java
2023-07-23 22:20:47,112 [Worker-17: Creating project "com.automation.restapi"] INFO  o.e.m.j.i.AbstractJavaProjectConfigurator - Adding resource folder /com.automation.restapi/src/test/resources
2023-07-23 22:20:47,915 [Worker-18: Building] WARN  o.a.m.s.f.DefaultMavenResourcesFiltering - Using platform encoding (UTF-8 actually) to copy filtered resources, i.e. build is platform dependent!
2023-07-23 22:20:47,920 [Worker-18: Building] INFO  o.a.m.s.f.DefaultMavenResourcesFiltering - Copying 0 resource
2023-07-23 22:20:47,923 [Worker-18: Building] WARN  o.a.m.s.f.DefaultMavenResourcesFiltering - Using platform encoding (UTF-8 actually) to copy filtered resources, i.e. build is platform dependent!
2023-07-23 22:20:47,924 [Worker-18: Building] INFO  o.a.m.s.f.DefaultMavenResourcesFiltering - Copying 0 resource
2023-07-23 22:21:43,845 [Worker-6: Loading available Gradle versions] INFO  o.e.b.c.i.u.g.PublishedGradleVersions - Gradle version information cache is up-to-date. Trying to read.
2023-07-23 22:25:02,611 [Worker-19: Creating project "com.restapi.automation"] INFO  o.e.m.c.i.l.LifecycleMappingFactory - Using org.eclipse.m2e.jdt.JarLifecycleMapping lifecycle mapping for MavenProject: RestApiAutomation:com.restapi.automation:0.0.1-SNAPSHOT @ /Users/monikayadav/Desktop/intertrustAPI/pom.xml.
2023-07-23 22:25:02,950 [Worker-19: Creating project "com.restapi.automation"] INFO  o.e.m.j.i.AbstractJavaProjectConfigurator - Adding source folder /com.restapi.automation/src/main/java
2023-07-23 22:25:02,950 [Worker-19: Creating project "com.restapi.automation"] INFO  o.e.m.j.i.AbstractJavaProjectConfigurator - Adding resource folder /com.restapi.automation/src/main/resources
2023-07-23 22:25:02,951 [Worker-19: Creating project "com.restapi.automation"] INFO  o.e.m.j.i.AbstractJavaProjectConfigurator - Adding source folder /com.restapi.automation/src/test/java
2023-07-23 22:25:02,951 [Worker-19: Creating project "com.restapi.automation"] INFO  o.e.m.j.i.AbstractJavaProjectConfigurator - Adding resource folder /com.restapi.automation/src/test/resources
2023-07-23 22:25:03,303 [Worker-12: Building] WARN  o.a.m.s.f.DefaultMavenResourcesFiltering - Using platform encoding (UTF-8 actually) to copy filtered resources, i.e. build is platform dependent!
2023-07-23 22:25:03,308 [Worker-12: Building] INFO  o.a.m.s.f.DefaultMavenResourcesFiltering - Copying 0 resource
2023-07-23 22:25:03,312 [Worker-12: Building] WARN  o.a.m.s.f.DefaultMavenResourcesFiltering - Using platform encoding (UTF-8 actually) to copy filtered resources, i.e. build is platform dependent!
2023-07-23 22:25:03,313 [Worker-12: Building] INFO  o.a.m.s.f.DefaultMavenResourcesFiltering - Copying 0 resource
2023-07-23 22:28:07,807 [Worker-28: Creating project "RestAPIAutomation"] INFO  o.e.m.c.i.l.LifecycleMappingFactory - Using org.eclipse.m2e.jdt.JarLifecycleMapping lifecycle mapping for MavenProject: com.restapi.testing:RestAPIAutomation:0.0.1-SNAPSHOT @ /Users/monikayadav/Desktop/back up/intertrustAPI/pom.xml.
2023-07-23 22:28:08,064 [Worker-28: Creating project "RestAPIAutomation"] INFO  o.e.m.j.i.AbstractJavaProjectConfigurator - Adding source folder /RestAPIAutomation/src/main/java
2023-07-23 22:28:08,064 [Worker-28: Creating project "RestAPIAutomation"] INFO  o.e.m.j.i.AbstractJavaProjectConfigurator - Adding resource folder /RestAPIAutomation/src/main/resources
2023-07-23 22:28:08,065 [Worker-28: Creating project "RestAPIAutomation"] INFO  o.e.m.j.i.AbstractJavaProjectConfigurator - Adding source folder /RestAPIAutomation/src/test/java
2023-07-23 22:28:08,065 [Worker-28: Creating project "RestAPIAutomation"] INFO  o.e.m.j.i.AbstractJavaProjectConfigurator - Adding resource folder /RestAPIAutomation/src/test/resources
2023-07-23 22:28:08,259 [Worker-27: Building] WARN  o.a.m.s.f.DefaultMavenResourcesFiltering - Using platform encoding (UTF-8 actually) to copy filtered resources, i.e. build is platform dependent!
2023-07-23 22:28:08,260 [Worker-27: Building] INFO  o.a.m.s.f.DefaultMavenResourcesFiltering - Copying 0 resource
2023-07-23 22:28:08,263 [Worker-27: Building] WARN  o.a.m.s.f.DefaultMavenResourcesFiltering - Using platform encoding (UTF-8 actually) to copy filtered resources, i.e. build is platform dependent!
2023-07-23 22:28:08,264 [Worker-27: Building] INFO  o.a.m.s.f.DefaultMavenResourcesFiltering - Copying 0 resource
2023-07-23 22:29:43,389 [Worker-20: Building] INFO  o.e.m.c.i.l.LifecycleMappingFactory - Using org.eclipse.m2e.jdt.JarLifecycleMapping lifecycle mapping for MavenProject: com.restapi.testing:RestAPIAutomation:0.0.1-SNAPSHOT @ /Users/monikayadav/Desktop/back up/intertrustAPI/pom.xml.
2023-07-23 22:29:43,762 [Worker-20: Building] WARN  o.a.m.s.f.DefaultMavenResourcesFiltering - Using platform encoding (UTF-8 actually) to copy filtered resources, i.e. build is platform dependent!
2023-07-23 22:29:43,764 [Worker-20: Building] INFO  o.a.m.s.f.DefaultMavenResourcesFiltering - Copying 0 resource
2023-07-23 22:29:43,767 [Worker-20: Building] WARN  o.a.m.s.f.DefaultMavenResourcesFiltering - Using platform encoding (UTF-8 actually) to copy filtered resources, i.e. build is platform dependent!
2023-07-23 22:29:43,768 [Worker-20: Building] INFO  o.a.m.s.f.DefaultMavenResourcesFiltering - Copying 0 resource
